recipeName=;select=any;ings=BAGUETTE;categoryCount=16;country=;get_recipes=Get%20Recipes;get_recipes=Get%20Recipes;content=recipes.html
recipeName=apple;select=any;categoryCount=16;country=;get_recipes=Get%20Recipes;content=recipes.html
recipeName=;select=any;ings=BAGUETTE;categoryCount=16;country=;get_recipes=Get%20Recipes;get_recipes=Get%20Recipes;content=recipes.html
recipeName=;select=any;ings=BROCCOLI;categoryCount=16;country=;get_recipes=Get%20Recipes;get_recipes=Get%20Recipes;content=recipes.html
recipeName=;select=any;ings=GROUND%20CINNAMON;categoryCount=16;country=;get_recipes=Get%20Recipes;get_recipes=Get%20Recipes;content=recipes.html
recipeName=;select=any;ings=GROUND%20CINNAMON;categoryCount=16;country=;get_recipes=Get%20Recipes;get_recipes=Get%20Recipes;content=recipes.html
recipeName=;select=any;ings=BLUEBERRIES;categoryCount=16;country=;get_recipes=Get%20Recipes;get_recipes=Get%20Recipes;content=recipes.html
recipeName=bechamel;select=any;categoryCount=17;country=;get_recipes=Get%20Recipes;get_recipes=Get%20Recipes;content=recipes.html
recipeName=calorie;select=any;categoryCount=17;country=;get_recipes=Get%20Recipes;get_recipes=Get%20Recipes;content=recipes.html
recipeName=;select=any;ings=ALL%20PURPOSE%20FLOUR;categoryCount=17;country=;get_recipes=Get%20Recipes;get_recipes=Get%20Recipes;content=recipes.html
recipeName=pineapple;select=any;categoryCount=17;country=;get_recipes=Get%20Recipes;content=recipes.html
recipeName=spinach;select=any;categoryCount=17;country=;get_recipes=Get%20Recipes;get_recipes=Get%20Recipes;content=recipes.html
recipeName=;select=any;cat1=Salad;categoryCount=17;country=;get_recipes=Get%20Recipes;get_recipes=Get%20Recipes;content=recipes.html
recipeName=;select=any;cat5=Dessert;categoryCount=17;country=Egypt;get_recipes=Get%20Recipes;get_recipes=Get%20Recipes;content=recipes.html
recipeName=;select=any;cat8=Soup;categoryCount=17;country=Egypt;get_recipes=Get%20Recipes;get_recipes=Get%20Recipes;content=recipes.html
recipeName=;select=any;cat13=Vegetables;categoryCount=17;country=Egypt;get_recipes=Get%20Recipes;get_recipes=Get%20Recipes;content=recipes.html
recipeName=;select=any;ings=CINNAMON;ings=COCOA;ings=ICING%20SUGAR;ings=PECANS;ings=SUGAR;ings=VERY%20COLD%20WATER;cat4=Cake;categoryCount=17;country=;get_recipes=Get%20Recipes;get_recipes=Get%20Recipes;content=recipes.html
recipeName=;select=any;cat7=Breakfast%20%26%20Brunch;categoryCount=17;country=;get_recipes=Get%20Recipes;get_recipes=Get%20Recipes;content=recipes.html
recipeName=Pineapple;select=any;categoryCount=17;country=;get_recipes=Get%20Recipes;content=recipes.html
recipeName=;select=any;ings=ROSE%20WATER;ings=ROSEMARY;ings=SALT;ings=SWEETENED%20CONDENSED%20MILK;ings=WHIPPED%20TOPPING;cat5=Dessert;categoryCount=17;country=Egypt;get_recipes=Get%20Recipes;get_recipes=Get%20Recipes;content=recipes.html
recipeName=;select=any;ings=CINNAMON;ings=CLOVES%20GARLIC;ings=CLOVES%20OF%20GARLIC;ings=COCOA;ings=COOKING%20OIL;ings=CORNSTARCH;ings=CRACKED%20WHEAT;ings=CREAM%20CHEESE;ings=CREAM%20OF%20TARTAR;ings=CREAMED%20COTTAGE%20CHEESE;ings=CRUSHED%20CORRIANDER%20SEED;ings=CUT%20CHICKENS;ings=DESSERT%20TOPPING%20ENVELOPES;ings=DRIED%20BASIL;ings=DRIED%20DILL;ings=DRIED%20SWEET%20BASIL;ings=DRY%20BAKING%20YEAST;ings=EGG;ings=EXTRA%20LEAN%20GROUND%20BEEF;ings=FANCY%20MOLASSES;ings=FAT%20FREE%20CHICKEN%20BROTH;ings=FRESH%20STRAWBERRIES;ings=FROZEN%20MASHED%20MOLOKHIYYA;ings=GARLIC%20CLOVE;ings=GARLIC%20CLOVES;ings=GINGER;ings=GRAHAM%20CRACKER%20CRUMBS;ings=GRANULATED%20SUGAR;ings=GRAPE%20LEAVES;ings=GREEN%20BEANS;cat9=Pie;categoryCount=17;country=Egypt;get_recipes=Get%20Recipes;get_recipes=Get%20Recipes;content=recipes.html
recipeName=;select=all;ings=CINNAMON;ings=CLOVES%20GARLIC;ings=CLOVES%20OF%20GARLIC;ings=COCOA;ings=COOKING%20OIL;ings=CORNSTARCH;ings=CRACKED%20WHEAT;ings=CREAM%20CHEESE;ings=CREAM%20OF%20TARTAR;ings=CREAMED%20COTTAGE%20CHEESE;ings=CRUSHED%20CORRIANDER%20SEED;ings=CUT%20CHICKENS;ings=DESSERT%20TOPPING%20ENVELOPES;ings=DRIED%20BASIL;ings=DRIED%20DILL;ings=DRIED%20SWEET%20BASIL;ings=DRY%20BAKING%20YEAST;ings=EGG;ings=EXTRA%20LEAN%20GROUND%20BEEF;ings=FANCY%20MOLASSES;ings=FAT%20FREE%20CHICKEN%20BROTH;ings=FRESH%20STRAWBERRIES;ings=FROZEN%20MASHED%20MOLOKHIYYA;ings=GARLIC%20CLOVE;ings=GARLIC%20CLOVES;ings=GINGER;ings=GRAHAM%20CRACKER%20CRUMBS;ings=GRANULATED%20SUGAR;ings=GRAPE%20LEAVES;ings=GREEN%20BEANS;cat9=Pie;categoryCount=17;country=Egypt;get_recipes=Get%20Recipes;get_recipes=Get%20Recipes;content=recipes.html
recipeName=;select=all;ings=WHIPPED%20TOPPING;categoryCount=17;country=Egypt;get_recipes=Get%20Recipes;get_recipes=Get%20Recipes;content=recipes.html
recipeName=;select=all;ings=BAKING%20SODA;ings=MILK;ings=OLIVE%20OIL;ings=RAISINS;ings=ROSEMARY;ings=SALT;ings=VANILLA;ings=WATER;ings=WHIPPED%20TOPPING;categoryCount=17;country=Egypt;get_recipes=Get%20Recipes;get_recipes=Get%20Recipes;content=recipes.html
recipeName=;select=all;ings=CREAM%20OF%20TARTAR;ings=CREAMED%20COTTAGE%20CHEESE;ings=CRUSHED%20CORRIANDER%20SEED;ings=CUT%20CHICKENS;ings=DESSERT%20TOPPING%20ENVELOPES;ings=DRIED%20BASIL;ings=DRIED%20DILL;ings=DRIED%20SWEET%20BASIL;ings=DRY%20BAKING%20YEAST;ings=EGG;ings=EXTRA%20LEAN%20GROUND%20BEEF;ings=FANCY%20MOLASSES;ings=FAT%20FREE%20CHICKEN%20BROTH;ings=FRESH%20STRAWBERRIES;ings=FROZEN%20MASHED%20MOLOKHIYYA;ings=GARLIC%20CLOVE;cat8=Soup;categoryCount=17;country=;get_recipes=Get%20Recipes;get_recipes=Get%20Recipes;content=recipes.html
recipeName=;select=any;ings=VEGETABLE%20OIL;categoryCount=17;country=;get_recipes=Get%20Recipes;get_recipes=Get%20Recipes;content=recipes.html
recipeName=;select=any;cat5=Dessert;categoryCount=17;country=;get_recipes=Get%20Recipes;get_recipes=Get%20Recipes;content=recipes.html
recipeName=;select=any;cat6=Fish%20%26%20Seafood;cat5=Dessert;categoryCount=17;country=;get_recipes=Get%20Recipes;get_recipes=Get%20Recipes;content=recipes.html
recipeName=;select=any;cat6=Fish%20%26%20Seafood;categoryCount=17;country=;get_recipes=Get%20Recipes;get_recipes=Get%20Recipes;content=recipes.html
recipeName=;select=any;cat14=Cookies;categoryCount=17;country=;get_recipes=Get%20Recipes;get_recipes=Get%20Recipes;content=recipes.html
recipeName=;select=any;cat12=Pork;categoryCount=17;country=;get_recipes=Get%20Recipes;get_recipes=Get%20Recipes;content=recipes.html
recipeName=;select=any;ings=BOILING%20WATER;cat12=Pork;categoryCount=17;country=;get_recipes=Get%20Recipes;get_recipes=Get%20Recipes;content=recipes.html
recipeName=;select=any;ings=BOILING%20WATER;categoryCount=17;country=;get_recipes=Get%20Recipes;get_recipes=Get%20Recipes;content=recipes.html
recipeName=;select=any;cat13=Vegetables;categoryCount=17;country=;get_recipes=Get%20Recipes;get_recipes=Get%20Recipes;content=recipes.html
recipeName=;select=any;cat1=Salad;cat13=Vegetables;categoryCount=17;country=;get_recipes=Get%20Recipes;get_recipes=Get%20Recipes;content=recipes.html
recipeName=Bruschetta;select=any;categoryCount=17;country=;get_recipes=Get%20Recipes;content=recipes.html
recipeName=;select=any;categoryCount=17;country=;get_recipes=Get%20Recipes;get_recipes=Get%20Recipes;content=recipes.html
recipeName=;select=any;cat5=Dessert;categoryCount=17;country=;get_recipes=Get%20Recipes;get_recipes=Get%20Recipes;content=recipes.html
recipeName=;select=any;cat12=Pork;categoryCount=17;country=;get_recipes=Get%20Recipes;get_recipes=Get%20Recipes;content=recipes.html
recipeName=;select=any;cat12=Pork;categoryCount=17;country=;get_recipes=Get%20Recipes;get_recipes=Get%20Recipes;content=recipes.html
recipeName=molakaya;select=any;cat8=Soup;categoryCount=17;country=;get_recipes=Get%20Recipes;get_recipes=Get%20Recipes;content=recipes.html
recipeName=pork%20chops;select=any;cat12=Pork;categoryCount=17;country=;get_recipes=Get%20Recipes;get_recipes=Get%20Recipes;content=recipes.html
recipeName=;select=any;ings=BASIL;categoryCount=17;country=;get_recipes=Get%20Recipes;get_recipes=Get%20Recipes;content=recipes.html
recipeName=brus;select=any;ings=BASIL;categoryCount=17;country=;get_recipes=Get%20Recipes;get_recipes=Get%20Recipes;content=recipes.html
recipeName=brus;select=any;categoryCount=17;country=;get_recipes=Get%20Recipes;get_recipes=Get%20Recipes;content=recipes.html
recipeName=ataif;select=any;categoryCount=17;country=;get_recipes=Get%20Recipes;get_recipes=Get%20Recipes;content=recipes.html
recipeName=bruscetta;select=any;categoryCount=17;country=;get_recipes=Get%20Recipes;get_recipes=Get%20Recipes;content=recipes.html
recipeName=brus;select=any;categoryCount=17;country=;get_recipes=Get%20Recipes;get_recipes=Get%20Recipes;content=recipes.html
recipeName=;select=any;cat12=Pork;categoryCount=17;country=;get_recipes=Get%20Recipes;get_recipes=Get%20Recipes;content=recipes.html
recipeName=;select=any;ings=BASIL;categoryCount=19;country=;get_recipes=Get%20Recipes;get_recipes=Get%20Recipes;content=recipes.html
recipeName=;select=any;ings=BASIL;cat2=Appetizer;categoryCount=19;country=;get_recipes=Get%20Recipes;get_recipes=Get%20Recipes;content=recipes.html
recipeName=brusc;select=any;categoryCount=19;country=;get_recipes=Get%20Recipes;get_recipes=Get%20Recipes;content=recipes.html
recipeName=kahk;select=any;categoryCount=19;country=;get_recipes=Get%20Recipes;get_recipes=Get%20Recipes;content=recipes.html
recipeName=carrot%20cake;select=any;categoryCount=19;country=;get_recipes=Get%20Recipes;get_recipes=Get%20Recipes;content=recipes.html
recipeName=cheesecake;select=any;categoryCount=19;country=;get_recipes=Get%20Recipes;content=recipes.html
recipeName=;select=any;ings=TALAPIA%20FISH;categoryCount=19;country=;get_recipes=Get%20Recipes;get_recipes=Get%20Recipes;content=recipes.html
recipeName=salmon;select=any;cat6=Fish%20%26%20Seafood;categoryCount=19;country=;get_recipes=Get%20Recipes;content=recipes.html
recipeName=carrot%20cake;select=any;categoryCount=19;country=;get_recipes=Get%20Recipes;content=recipes.html
recipeName=Biscotti;select=any;categoryCount=19;country=;get_recipes=Get%20Recipes;get_recipes=Get%20Recipes;content=recipes.html
recipeName=biscotti;select=any;categoryCount=19;country=;get_recipes=Get%20Recipes;content=recipes.html
recipeName=kahk;select=any;categoryCount=19;country=;get_recipes=Get%20Recipes;content=recipes.html
recipeName=kahk;select=any;categoryCount=19;country=;get_recipes=Get%20Recipes;get_recipes=Get%20Recipes;content=recipes.html
recipeName=;select=any;cat5=Dessert;categoryCount=19;country=;get_recipes=Get%20Recipes;get_recipes=Get%20Recipes;content=recipes.html
recipeName=;select=any;cat7=Breakfast%20%26%20Brunch;categoryCount=19;country=;get_recipes=Get%20Recipes;get_recipes=Get%20Recipes;content=recipes.html
recipeName=;select=any;ings=BLUEBERRIES;cat7=Breakfast%20%26%20Brunch;categoryCount=19;country=;get_recipes=Get%20Recipes;get_recipes=Get%20Recipes;content=recipes.html
recipeName=;select=any;ings=BLUEBERRIES;categoryCount=19;country=;get_recipes=Get%20Recipes;get_recipes=Get%20Recipes;content=recipes.html
recipeName=;select=any;cat16=Dip;categoryCount=19;country=;get_recipes=Get%20Recipes;get_recipes=Get%20Recipes;content=recipes.html
recipeName=;select=any;cat16=Dip;cat4=Cake;categoryCount=19;country=;get_recipes=Get%20Recipes;get_recipes=Get%20Recipes;content=recipes.html
recipeName=;select=any;cat4=Cake;categoryCount=19;country=;get_recipes=Get%20Recipes;get_recipes=Get%20Recipes;content=recipes.html
recipeName=ataif;select=any;categoryCount=19;country=;get_recipes=Get%20Recipes;content=recipes.html
recipeName=blue;select=any;categoryCount=19;country=;get_recipes=Get%20Recipes;get_recipes=Get%20Recipes;content=recipes.html
recipeName=blueberry;select=any;categoryCount=19;country=;get_recipes=Get%20Recipes;content=recipes.html
recipeName=blueberry;select=any;ings=BLUEBERRIES;categoryCount=19;country=;get_recipes=Get%20Recipes;get_recipes=Get%20Recipes;content=recipes.html
recipeName=grape;select=any;categoryCount=19;country=;get_recipes=Get%20Recipes;content=recipes.html
recipeName=biscotti;select=any;categoryCount=19;country=;get_recipes=Get%20Recipes;content=recipes.html
recipeName=brucheta;select=any;categoryCount=19;country=;get_recipes=Get%20Recipes;content=recipes.html
recipeName=;select=any;cat2=Appetizer;categoryCount=19;country=;get_recipes=Get%20Recipes;get_recipes=Get%20Recipes;content=recipes.html
recipeName=chicken%20potato%20soup;select=any;categoryCount=19;country=;get_recipes=Get%20Recipes;content=recipes.html
recipeName=;select=any;ings=SPINACH;cat1=Salad;categoryCount=19;country=;get_recipes=Get%20Recipes;get_recipes=Get%20Recipes;content=recipes.html
recipeName=ataif;select=any;categoryCount=19;country=;get_recipes=Get%20Recipes;content=recipes.html
recipeName=kahk;select=any;categoryCount=19;country=;get_recipes=Get%20Recipes;content=recipes.html
recipeName=Pancakes;select=any;ings=BAKING%20SODA;cat7=Breakfast%20%26%20Brunch;categoryCount=19;country=Egypt;get_recipes=Get%20Recipes;get_recipes=Get%20Recipes;content=recipes.html
recipeName=egg%20yolk;select=any;categoryCount=19;country=;get_recipes=Get%20Recipes;content=recipes.html
recipeName=petit;select=any;categoryCount=19;country=;get_recipes=Get%20Recipes;content=recipes.html
recipeName=kahk;select=any;categoryCount=19;country=;get_recipes=Get%20Recipes;content=recipes.html
recipeName=%25;select=any;categoryCount=19;country=;get_recipes=Get%20Recipes;get_recipes=Get%20Recipes;content=recipes.html
recipeName=petit;select=any;categoryCount=19;country=;get_recipes=Get%20Recipes;content=recipes.html
recipeName=petit;select=any;categoryCount=19;country=;get_recipes=Get%20Recipes;content=recipes.html
recipeName=petit;select=any;categoryCount=19;country=;get_recipes=Get%20Recipes;content=recipes.html
recipeName=petit%20fort;select=any;categoryCount=19;country=;get_recipes=Get%20Recipes;content=recipes.html
recipeName=petit;select=any;categoryCount=19;country=;get_recipes=Get%20Recipes;content=recipes.html
recipeName=biscotti;select=any;categoryCount=19;country=;get_recipes=Get%20Recipes;content=recipes.html
recipeName=cheesecake;select=any;categoryCount=19;country=;get_recipes=Get%20Recipes;content=recipes.html
recipeName=k;select=any;cat11=Poultry;categoryCount=19;country=;get_recipes=Get%20Recipes;content=recipes.html
recipeName=ataif;select=any;categoryCount=19;country=;get_recipes=Get%20Recipes;content=recipes.html
recipeName=ataif;select=any;categoryCount=19;country=;get_recipes=Get%20Recipes;content=recipes.html
recipeName=short%20bread;select=any;categoryCount=19;country=;get_recipes=Get%20Recipes;content=recipes.html
recipeName=petit;select=any;categoryCount=19;country=;get_recipes=Get%20Recipes;content=recipes.html
recipeName=peti;select=any;categoryCount=19;country=;get_recipes=Get%20Recipes;content=recipes.html
recipeName=oetit;select=any;categoryCount=19;country=;get_recipes=Get%20Recipes;content=recipes.html
recipeName=petit;select=any;categoryCount=19;country=;get_recipes=Get%20Recipes;content=recipes.html
recipeName=petit;select=any;categoryCount=19;country=;get_recipes=Get%20Recipes;content=recipes.html
recipeName=petit;select=any;categoryCount=19;country=;get_recipes=Get%20Recipes;content=recipes.html
recipeName=petit;select=any;categoryCount=19;country=;get_recipes=Get%20Recipes;content=recipes.html
recipeName=petit;select=any;categoryCount=19;country=;get_recipes=Get%20Recipes;content=recipes.html
recipeName=pie;select=any;categoryCount=19;country=;get_recipes=Get%20Recipes;get_recipes=Get%20Recipes;content=recipes.html
recipeName=;select=any;ings=BLUEBERRIES;categoryCount=19;country=;get_recipes=Get%20Recipes;get_recipes=Get%20Recipes;content=recipes.html
recipeName=;select=any;ings=BLUEBERRIES;cat4=Cake;categoryCount=19;country=;get_recipes=Get%20Recipes;get_recipes=Get%20Recipes;content=recipes.html
recipeName=;select=any;ings=ZUCCHINI;cat4=Cake;categoryCount=19;country=;get_recipes=Get%20Recipes;get_recipes=Get%20Recipes;content=recipes.html
recipeName=;select=all;categoryCount=19;country=;get_recipes=Get%20Recipes;get_recipes=Get%20Recipes;content=recipes.html
recipeName=;select=any;categoryCount=19;country=Egypt;get_recipes=Get%20Recipes;get_recipes=Get%20Recipes;content=recipes.html
recipeName=;select=any;ings=FRESH%20STRAWBERRIES;categoryCount=19;country=Egypt;get_recipes=Get%20Recipes;get_recipes=Get%20Recipes;content=recipes.html
recipeName=;select=any;ings=CREAM%20CHEESE;categoryCount=19;country=Egypt;get_recipes=Get%20Recipes;get_recipes=Get%20Recipes;content=recipes.html
recipeName=muffin;select=any;categoryCount=19;country=;get_recipes=Get%20Recipes;get_recipes=Get%20Recipes;content=recipes.html
recipeName=cake;select=any;categoryCount=19;country=;get_recipes=Get%20Recipes;get_recipes=Get%20Recipes;content=recipes.html
recipeName=chicken;select=any;categoryCount=19;country=;get_recipes=Get%20Recipes;get_recipes=Get%20Recipes;content=recipes.html
recipeName=cookies;select=any;categoryCount=19;country=;get_recipes=Get%20Recipes;get_recipes=Get%20Recipes;content=recipes.html
recipeName=beef;select=any;categoryCount=19;country=;get_recipes=Get%20Recipes;get_recipes=Get%20Recipes;content=recipes.html
recipeName=bread;select=any;categoryCount=19;country=;get_recipes=Get%20Recipes;get_recipes=Get%20Recipes;content=recipes.html
recipeName=;select=any;cat16=Dip;categoryCount=19;country=;get_recipes=Get%20Recipes;get_recipes=Get%20Recipes;content=recipes.html
recipeName=;select=any;cat16=Dip;cat5=Dessert;categoryCount=19;country=;get_recipes=Get%20Recipes;get_recipes=Get%20Recipes;content=recipes.html
recipeName=;select=any;ings=ZUCCHINI;cat16=Dip;cat5=Dessert;categoryCount=19;country=;get_recipes=Get%20Recipes;get_recipes=Get%20Recipes;content=recipes.html
recipeName=;select=any;ings=ZUCCHINI;cat7=Breakfast%20%26%20Brunch;cat16=Dip;cat5=Dessert;categoryCount=19;country=;get_recipes=Get%20Recipes;get_recipes=Get%20Recipes;content=recipes.html
recipeName=;select=any;ings=ZUCCHINI;cat7=Breakfast%20%26%20Brunch;cat16=Dip;cat9=Pie;cat5=Dessert;categoryCount=19;country=;get_recipes=Get%20Recipes;get_recipes=Get%20Recipes;content=recipes.html
recipeName=;select=any;ings=ZUCCHINI;cat7=Breakfast%20%26%20Brunch;cat2=Appetizer;cat16=Dip;cat9=Pie;cat5=Dessert;categoryCount=19;country=;get_recipes=Get%20Recipes;get_recipes=Get%20Recipes;content=recipes.html
recipeName=;select=any;ings=ZUCCHINI;cat7=Breakfast%20%26%20Brunch;cat2=Appetizer;cat16=Dip;cat9=Pie;cat12=Pork;cat5=Dessert;categoryCount=19;country=;get_recipes=Get%20Recipes;get_recipes=Get%20Recipes;content=recipes.html
recipeName=;select=any;ings=ZUCCHINI;cat7=Breakfast%20%26%20Brunch;cat2=Appetizer;cat18=Kids;cat16=Dip;cat9=Pie;cat12=Pork;cat5=Dessert;categoryCount=19;country=;get_recipes=Get%20Recipes;get_recipes=Get%20Recipes;content=recipes.html
recipeName=;select=any;ings=ZUCCHINI;cat11=Poultry;cat7=Breakfast%20%26%20Brunch;cat2=Appetizer;cat18=Kids;cat16=Dip;cat9=Pie;cat12=Pork;cat5=Dessert;categoryCount=19;country=;get_recipes=Get%20Recipes;get_recipes=Get%20Recipes;content=recipes.html
recipeName=;select=all;categoryCount=19;country=;get_recipes=Get%20Recipes;get_recipes=Get%20Recipes;content=recipes.html
recipeName=okra;select=all;categoryCount=19;country=;get_recipes=Get%20Recipes;get_recipes=Get%20Recipes;content=recipes.html
recipeName=bisc;select=all;categoryCount=19;country=;get_recipes=Get%20Recipes;get_recipes=Get%20Recipes;content=recipes.html
recipeName=cho;select=all;categoryCount=19;country=;get_recipes=Get%20Recipes;get_recipes=Get%20Recipes;content=recipes.html
recipeName=roa;select=all;categoryCount=19;country=;get_recipes=Get%20Recipes;get_recipes=Get%20Recipes;content=recipes.html
recipeName=beef;select=all;categoryCount=19;country=;get_recipes=Get%20Recipes;get_recipes=Get%20Recipes;content=recipes.html
recipeName=buud;select=all;categoryCount=19;country=;get_recipes=Get%20Recipes;get_recipes=Get%20Recipes;content=recipes.html
recipeName=chee;select=all;categoryCount=19;country=;get_recipes=Get%20Recipes;get_recipes=Get%20Recipes;content=recipes.html
recipeName=apple;select=all;categoryCount=19;country=;get_recipes=Get%20Recipes;get_recipes=Get%20Recipes;content=recipes.html
recipeName=ataif;select=any;categoryCount=19;country=;get_recipes=Get%20Recipes;content=recipes.html
recipeName=kahk;select=any;categoryCount=19;country=;get_recipes=Get%20Recipes;content=recipes.html
recipeName=petit;select=any;categoryCount=19;country=;get_recipes=Get%20Recipes;content=recipes.html
recipeName=kahk;select=any;categoryCount=19;country=;get_recipes=Get%20Recipes;content=recipes.html
recipeName=kahk;select=any;categoryCount=19;country=;get_recipes=Get%20Recipes;content=recipes.html
recipeName=kahk;select=any;categoryCount=19;country=;get_recipes=Get%20Recipes;content=recipes.html
recipeName=petit;select=any;categoryCount=19;country=;get_recipes=Get%20Recipes;content=recipes.html
recipeName=petit;select=any;categoryCount=19;country=;get_recipes=Get%20Recipes;content=recipes.html
recipeName=kahk;select=any;categoryCount=19;country=;get_recipes=Get%20Recipes;content=recipes.html
recipeName=petit;select=any;categoryCount=19;country=;get_recipes=Get%20Recipes;content=recipes.html
recipeName=k;select=any;categoryCount=19;country=;get_recipes=Get%20Recipes;content=recipes.html
recipeName=kahk;select=any;categoryCount=19;country=;get_recipes=Get%20Recipes;content=recipes.html
recipeName=kahk;select=any;categoryCount=19;country=;get_recipes=Get%20Recipes;content=recipes.html
recipeName=petits;select=any;categoryCount=19;country=;get_recipes=Get%20Recipes;content=recipes.html
recipeName=petit;select=any;categoryCount=19;country=;get_recipes=Get%20Recipes;content=recipes.html
recipeName=creme;select=any;categoryCount=19;country=;get_recipes=Get%20Recipes;get_recipes=Get%20Recipes;content=recipes.html
recipeName=creme;select=any;categoryCount=19;country=;get_recipes=Get%20Recipes;get_recipes=Get%20Recipes;content=recipes.html
recipeName=kahk;select=any;categoryCount=19;country=;get_recipes=Get%20Recipes;content=recipes.html
recipeName=petit;select=any;categoryCount=19;country=;get_recipes=Get%20Recipes;content=recipes.html
recipeName=ataif;select=any;categoryCount=19;country=;get_recipes=Get%20Recipes;get_recipes=Get%20Recipes;content=recipes.html
recipeName=ataif;select=any;categoryCount=19;country=;get_recipes=Get%20Recipes;get_recipes=Get%20Recipes;content=recipes.html
recipeName=bisco;select=any;categoryCount=19;country=;get_recipes=Get%20Recipes;get_recipes=Get%20Recipes;content=recipes.html
recipeName=kahk;select=any;categoryCount=19;country=;get_recipes=Get%20Recipes;get_recipes=Get%20Recipes;content=recipes.html
recipeName=Petit;select=any;categoryCount=19;country=;get_recipes=Get%20Recipes;get_recipes=Get%20Recipes;content=recipes.html
recipeName=Kahk;select=any;categoryCount=19;country=;get_recipes=Get%20Recipes;get_recipes=Get%20Recipes;content=recipes.html
recipeName=;select=any;cat14=Cookies;categoryCount=19;country=;get_recipes=Get%20Recipes;get_recipes=Get%20Recipes;content=recipes.html
recipeName=;select=any;cat14=Cookies;categoryCount=19;country=;get_recipes=Get%20Recipes;get_recipes=Get%20Recipes;content=recipes.html
recipeName=Stair;select=any;categoryCount=19;country=;get_recipes=Get%20Recipes;get_recipes=Get%20Recipes;content=recipes.html
recipeName=Ataif;select=any;categoryCount=19;country=;get_recipes=Get%20Recipes;get_recipes=Get%20Recipes;content=recipes.html
recipeName=Petit;select=any;categoryCount=19;country=;get_recipes=Get%20Recipes;get_recipes=Get%20Recipes;content=recipes.html
recipeName=Kahk;select=any;categoryCount=19;country=;get_recipes=Get%20Recipes;get_recipes=Get%20Recipes;content=recipes.html
recipeName=Kahk;select=any;categoryCount=19;country=;get_recipes=Get%20Recipes;get_recipes=Get%20Recipes;content=recipes.html
recipeName=Petit;select=any;categoryCount=19;country=;get_recipes=Get%20Recipes;get_recipes=Get%20Recipes;content=recipes.html
recipeName=Kajk;select=any;categoryCount=19;country=;get_recipes=Get%20Recipes;get_recipes=Get%20Recipes;content=recipes.html
recipeName=Kahk;select=any;categoryCount=19;country=;get_recipes=Get%20Recipes;get_recipes=Get%20Recipes;content=recipes.html
recipeName=Ghor;select=any;categoryCount=19;country=;get_recipes=Get%20Recipes;get_recipes=Get%20Recipes;content=recipes.html
recipeName=;select=any;cat14=Cookies;categoryCount=19;country=;get_recipes=Get%20Recipes;get_recipes=Get%20Recipes;content=recipes.html
recipeName=Petit;select=any;categoryCount=19;country=;get_recipes=Get%20Recipes;get_recipes=Get%20Recipes;content=recipes.html
recipeName=Ataif;select=any;categoryCount=19;country=;get_recipes=Get%20Recipes;get_recipes=Get%20Recipes;content=recipes.html
recipeName=%2A;select=any;categoryCount=19;country=;get_recipes=Get%20Recipes;get_recipes=Get%20Recipes;content=recipes.html
recipeName=;select=any;cat11=Poultry;cat7=Breakfast%20%26%20Brunch;cat2=Appetizer;cat17=Pasta;cat1=Salad;cat18=Kids;cat16=Dip;cat13=Vegetables;cat6=Fish%20%26%20Seafood;cat3=Bread;cat9=Pie;cat12=Pork;cat14=Cookies;cat15=Sauce;cat8=Soup;cat4=Cake;cat10=Beef;cat19=Drinks;cat5=Dessert;categoryCount=19;country=;get_recipes=Get%20Recipes;get_recipes=Get%20Recipes;content=recipes.html
recipeName=;select=any;cat11=Poultry;cat7=Breakfast%20%26%20Brunch;cat2=Appetizer;cat17=Pasta;cat1=Salad;cat18=Kids;cat16=Dip;cat13=Vegetables;cat6=Fish%20%26%20Seafood;cat3=Bread;cat9=Pie;cat12=Pork;cat14=Cookies;cat15=Sauce;cat8=Soup;cat4=Cake;cat10=Beef;cat19=Drinks;cat5=Dessert;categoryCount=19;country=;get_recipes=Get%20Recipes;get_recipes=Get%20Recipes;content=recipes.html
recipeName=;select=any;cat11=Poultry;cat7=Breakfast%20%26%20Brunch;cat2=Appetizer;cat17=Pasta;cat1=Salad;cat18=Kids;cat16=Dip;cat13=Vegetables;cat6=Fish%20%26%20Seafood;cat3=Bread;cat9=Pie;cat12=Pork;cat14=Cookies;cat15=Sauce;cat8=Soup;cat4=Cake;cat10=Beef;cat19=Drinks;cat5=Dessert;categoryCount=19;country=;get_recipes=Get%20Recipes;get_recipes=Get%20Recipes;content=recipes.html
recipeName=;select=any;cat11=Poultry;cat7=Breakfast%20%26%20Brunch;cat2=Appetizer;cat17=Pasta;cat1=Salad;cat18=Kids;cat16=Dip;cat13=Vegetables;cat6=Fish%20%26%20Seafood;cat3=Bread;cat9=Pie;cat12=Pork;cat14=Cookies;cat15=Sauce;cat8=Soup;cat4=Cake;cat10=Beef;cat19=Drinks;cat5=Dessert;categoryCount=19;country=;get_recipes=Get%20Recipes;get_recipes=Get%20Recipes;content=recipes.html
recipeName=;select=any;cat11=Poultry;cat7=Breakfast%20%26%20Brunch;cat2=Appetizer;cat17=Pasta;cat1=Salad;cat18=Kids;cat16=Dip;cat13=Vegetables;cat6=Fish%20%26%20Seafood;cat3=Bread;cat9=Pie;cat12=Pork;cat14=Cookies;cat15=Sauce;cat8=Soup;cat4=Cake;cat10=Beef;cat19=Drinks;cat5=Dessert;categoryCount=19;country=;get_recipes=Get%20Recipes;get_recipes=Get%20Recipes;content=recipes.html
recipeName=;select=any;cat11=Poultry;cat7=Breakfast%20%26%20Brunch;cat2=Appetizer;cat17=Pasta;cat1=Salad;cat18=Kids;cat16=Dip;cat13=Vegetables;cat6=Fish%20%26%20Seafood;cat3=Bread;cat9=Pie;cat12=Pork;cat14=Cookies;cat15=Sauce;cat8=Soup;cat4=Cake;cat10=Beef;cat19=Drinks;cat5=Dessert;categoryCount=19;country=;get_recipes=Get%20Recipes;get_recipes=Get%20Recipes;content=recipes.html
recipeName=;select=any;cat11=Poultry;cat7=Breakfast%20%26%20Brunch;cat2=Appetizer;cat17=Pasta;cat1=Salad;cat18=Kids;cat16=Dip;cat13=Vegetables;cat6=Fish%20%26%20Seafood;cat3=Bread;cat9=Pie;cat12=Pork;cat14=Cookies;cat15=Sauce;cat8=Soup;cat4=Cake;cat10=Beef;cat19=Drinks;cat5=Dessert;categoryCount=19;country=;get_recipes=Get%20Recipes;get_recipes=Get%20Recipes;content=recipes.html
recipeName=;select=any;cat11=Poultry;cat7=Breakfast%20%26%20Brunch;cat2=Appetizer;cat17=Pasta;cat1=Salad;cat18=Kids;cat16=Dip;cat13=Vegetables;cat6=Fish%20%26%20Seafood;cat3=Bread;cat9=Pie;cat12=Pork;cat14=Cookies;cat15=Sauce;cat8=Soup;cat4=Cake;cat10=Beef;cat19=Drinks;cat5=Dessert;categoryCount=19;country=;get_recipes=Get%20Recipes;get_recipes=Get%20Recipes;content=recipes.html
recipeName=;select=any;cat11=Poultry;cat7=Breakfast%20%26%20Brunch;cat2=Appetizer;cat17=Pasta;cat1=Salad;cat18=Kids;cat16=Dip;cat13=Vegetables;cat6=Fish%20%26%20Seafood;cat3=Bread;cat9=Pie;cat12=Pork;cat14=Cookies;cat15=Sauce;cat8=Soup;cat4=Cake;cat10=Beef;cat19=Drinks;cat5=Dessert;categoryCount=19;country=;get_recipes=Get%20Recipes;get_recipes=Get%20Recipes;content=recipes.html
recipeName=;select=any;cat11=Poultry;cat7=Breakfast%20%26%20Brunch;cat2=Appetizer;cat17=Pasta;cat1=Salad;cat18=Kids;cat16=Dip;cat13=Vegetables;cat6=Fish%20%26%20Seafood;cat3=Bread;cat9=Pie;cat12=Pork;cat14=Cookies;cat15=Sauce;cat8=Soup;cat4=Cake;cat10=Beef;cat19=Drinks;cat5=Dessert;categoryCount=19;country=;get_recipes=Get%20Recipes;get_recipes=Get%20Recipes;content=recipes.html
recipeName=;select=any;cat11=Poultry;cat7=Breakfast%20%26%20Brunch;cat2=Appetizer;cat17=Pasta;cat1=Salad;cat18=Kids;cat16=Dip;cat13=Vegetables;cat6=Fish%20%26%20Seafood;cat3=Bread;cat9=Pie;cat12=Pork;cat14=Cookies;cat15=Sauce;cat8=Soup;cat4=Cake;cat10=Beef;cat19=Drinks;cat5=Dessert;categoryCount=19;country=;get_recipes=Get%20Recipes;get_recipes=Get%20Recipes;content=recipes.html
recipeName=;select=any;cat11=Poultry;cat7=Breakfast%20%26%20Brunch;cat2=Appetizer;cat17=Pasta;cat1=Salad;cat18=Kids;cat16=Dip;cat13=Vegetables;cat6=Fish%20%26%20Seafood;cat3=Bread;cat9=Pie;cat12=Pork;cat14=Cookies;cat15=Sauce;cat8=Soup;cat4=Cake;cat10=Beef;cat19=Drinks;cat5=Dessert;categoryCount=19;country=;get_recipes=Get%20Recipes;get_recipes=Get%20Recipes;content=recipes.html
recipeName=;select=any;cat11=Poultry;cat7=Breakfast%20%26%20Brunch;cat2=Appetizer;cat17=Pasta;cat1=Salad;cat18=Kids;cat16=Dip;cat13=Vegetables;cat6=Fish%20%26%20Seafood;cat3=Bread;cat9=Pie;cat12=Pork;cat14=Cookies;cat15=Sauce;cat8=Soup;cat4=Cake;cat10=Beef;cat19=Drinks;cat5=Dessert;categoryCount=19;country=;get_recipes=Get%20Recipes;get_recipes=Get%20Recipes;content=recipes.html
recipeName=;select=any;cat11=Poultry;cat7=Breakfast%20%26%20Brunch;cat2=Appetizer;cat17=Pasta;cat1=Salad;cat18=Kids;cat16=Dip;cat13=Vegetables;cat6=Fish%20%26%20Seafood;cat3=Bread;cat9=Pie;cat12=Pork;cat14=Cookies;cat15=Sauce;cat8=Soup;cat4=Cake;cat10=Beef;cat19=Drinks;cat5=Dessert;categoryCount=19;country=;get_recipes=Get%20Recipes;get_recipes=Get%20Recipes;content=recipes.html
recipeName=;select=any;cat11=Poultry;cat7=Breakfast%20%26%20Brunch;cat2=Appetizer;cat17=Pasta;cat1=Salad;cat18=Kids;cat16=Dip;cat13=Vegetables;cat6=Fish%20%26%20Seafood;cat3=Bread;cat9=Pie;cat12=Pork;cat14=Cookies;cat15=Sauce;cat8=Soup;cat4=Cake;cat10=Beef;cat19=Drinks;cat5=Dessert;categoryCount=19;country=;get_recipes=Get%20Recipes;get_recipes=Get%20Recipes;content=recipes.html
recipeName=;select=any;cat11=Poultry;cat7=Breakfast%20%26%20Brunch;cat2=Appetizer;cat17=Pasta;cat1=Salad;cat18=Kids;cat16=Dip;cat13=Vegetables;cat6=Fish%20%26%20Seafood;cat3=Bread;cat9=Pie;cat12=Pork;cat14=Cookies;cat15=Sauce;cat8=Soup;cat4=Cake;cat10=Beef;cat19=Drinks;cat5=Dessert;categoryCount=19;country=;get_recipes=Get%20Recipes;get_recipes=Get%20Recipes;content=recipes.html
recipeName=;select=any;cat11=Poultry;cat7=Breakfast%20%26%20Brunch;cat2=Appetizer;cat17=Pasta;cat1=Salad;cat18=Kids;cat16=Dip;cat13=Vegetables;cat6=Fish%20%26%20Seafood;cat3=Bread;cat9=Pie;cat12=Pork;cat14=Cookies;cat15=Sauce;cat8=Soup;cat4=Cake;cat10=Beef;cat19=Drinks;cat5=Dessert;categoryCount=19;country=;get_recipes=Get%20Recipes;get_recipes=Get%20Recipes;content=recipes.html
recipeName=;select=any;cat11=Poultry;cat7=Breakfast%20%26%20Brunch;cat2=Appetizer;cat17=Pasta;cat1=Salad;cat18=Kids;cat16=Dip;cat13=Vegetables;cat6=Fish%20%26%20Seafood;cat3=Bread;cat9=Pie;cat12=Pork;cat14=Cookies;cat15=Sauce;cat8=Soup;cat4=Cake;cat10=Beef;cat19=Drinks;cat5=Dessert;categoryCount=19;country=;get_recipes=Get%20Recipes;get_recipes=Get%20Recipes;content=recipes.html
recipeName=;select=any;cat11=Poultry;cat7=Breakfast%20%26%20Brunch;cat2=Appetizer;cat17=Pasta;cat1=Salad;cat18=Kids;cat16=Dip;cat13=Vegetables;cat6=Fish%20%26%20Seafood;cat3=Bread;cat9=Pie;cat12=Pork;cat14=Cookies;cat15=Sauce;cat8=Soup;cat4=Cake;cat10=Beef;cat19=Drinks;cat5=Dessert;categoryCount=19;country=;get_recipes=Get%20Recipes;get_recipes=Get%20Recipes;content=recipes.html
recipeName=;select=any;cat11=Poultry;cat7=Breakfast%20%26%20Brunch;cat2=Appetizer;cat17=Pasta;cat1=Salad;cat18=Kids;cat16=Dip;cat13=Vegetables;cat6=Fish%20%26%20Seafood;cat3=Bread;cat9=Pie;cat12=Pork;cat14=Cookies;cat15=Sauce;cat8=Soup;cat4=Cake;cat10=Beef;cat19=Drinks;cat5=Dessert;categoryCount=19;country=;get_recipes=Get%20Recipes;get_recipes=Get%20Recipes;content=recipes.html
recipeName=;select=any;cat11=Poultry;cat7=Breakfast%20%26%20Brunch;cat2=Appetizer;cat17=Pasta;cat1=Salad;cat18=Kids;cat16=Dip;cat13=Vegetables;cat6=Fish%20%26%20Seafood;cat3=Bread;cat9=Pie;cat12=Pork;cat14=Cookies;cat15=Sauce;cat8=Soup;cat4=Cake;cat10=Beef;cat19=Drinks;cat5=Dessert;categoryCount=19;country=;get_recipes=Get%20Recipes;get_recipes=Get%20Recipes;content=recipes.html
recipeName=;select=any;cat11=Poultry;cat7=Breakfast%20%26%20Brunch;cat2=Appetizer;cat17=Pasta;cat1=Salad;cat18=Kids;cat16=Dip;cat13=Vegetables;cat6=Fish%20%26%20Seafood;cat3=Bread;cat9=Pie;cat12=Pork;cat14=Cookies;cat15=Sauce;cat8=Soup;cat4=Cake;cat10=Beef;cat19=Drinks;cat5=Dessert;categoryCount=19;country=;get_recipes=Get%20Recipes;get_recipes=Get%20Recipes;content=recipes.html
recipeName=;select=any;cat11=Poultry;cat7=Breakfast%20%26%20Brunch;cat2=Appetizer;cat17=Pasta;cat1=Salad;cat18=Kids;cat16=Dip;cat13=Vegetables;cat6=Fish%20%26%20Seafood;cat3=Bread;cat9=Pie;cat12=Pork;cat14=Cookies;cat15=Sauce;cat8=Soup;cat4=Cake;cat10=Beef;cat19=Drinks;cat5=Dessert;categoryCount=19;country=;get_recipes=Get%20Recipes;get_recipes=Get%20Recipes;content=recipes.html
recipeName=;select=any;cat11=Poultry;cat7=Breakfast%20%26%20Brunch;cat2=Appetizer;cat17=Pasta;cat1=Salad;cat18=Kids;cat16=Dip;cat13=Vegetables;cat6=Fish%20%26%20Seafood;cat3=Bread;cat9=Pie;cat12=Pork;cat14=Cookies;cat15=Sauce;cat8=Soup;cat4=Cake;cat10=Beef;cat19=Drinks;cat5=Dessert;categoryCount=19;country=;get_recipes=Get%20Recipes;get_recipes=Get%20Recipes;content=recipes.html
recipeName=;select=any;cat11=Poultry;cat7=Breakfast%20%26%20Brunch;cat2=Appetizer;cat17=Pasta;cat1=Salad;cat18=Kids;cat16=Dip;cat13=Vegetables;cat6=Fish%20%26%20Seafood;cat3=Bread;cat9=Pie;cat12=Pork;cat14=Cookies;cat15=Sauce;cat8=Soup;cat4=Cake;cat10=Beef;cat19=Drinks;cat5=Dessert;categoryCount=19;country=;get_recipes=Get%20Recipes;get_recipes=Get%20Recipes;content=recipes.html
recipeName=;select=any;cat11=Poultry;cat7=Breakfast%20%26%20Brunch;cat2=Appetizer;cat17=Pasta;cat1=Salad;cat18=Kids;cat16=Dip;cat13=Vegetables;cat6=Fish%20%26%20Seafood;cat3=Bread;cat9=Pie;cat12=Pork;cat14=Cookies;cat15=Sauce;cat8=Soup;cat4=Cake;cat10=Beef;cat19=Drinks;cat5=Dessert;categoryCount=19;country=;get_recipes=Get%20Recipes;get_recipes=Get%20Recipes;content=recipes.html
recipeName=;select=any;cat11=Poultry;cat7=Breakfast%20%26%20Brunch;cat2=Appetizer;cat17=Pasta;cat1=Salad;cat18=Kids;cat16=Dip;cat13=Vegetables;cat6=Fish%20%26%20Seafood;cat3=Bread;cat9=Pie;cat12=Pork;cat14=Cookies;cat15=Sauce;cat8=Soup;cat4=Cake;cat10=Beef;cat19=Drinks;cat5=Dessert;categoryCount=19;country=;get_recipes=Get%20Recipes;get_recipes=Get%20Recipes;content=recipes.html
recipeName=;select=any;cat11=Poultry;cat7=Breakfast%20%26%20Brunch;cat2=Appetizer;cat17=Pasta;cat1=Salad;cat18=Kids;cat16=Dip;cat13=Vegetables;cat6=Fish%20%26%20Seafood;cat3=Bread;cat9=Pie;cat12=Pork;cat14=Cookies;cat15=Sauce;cat8=Soup;cat4=Cake;cat10=Beef;cat19=Drinks;cat5=Dessert;categoryCount=19;country=;get_recipes=Get%20Recipes;get_recipes=Get%20Recipes;content=recipes.html
recipeName=;select=any;cat11=Poultry;cat7=Breakfast%20%26%20Brunch;cat2=Appetizer;cat17=Pasta;cat1=Salad;cat18=Kids;cat16=Dip;cat13=Vegetables;cat6=Fish%20%26%20Seafood;cat3=Bread;cat9=Pie;cat12=Pork;cat14=Cookies;cat15=Sauce;cat8=Soup;cat4=Cake;cat10=Beef;cat19=Drinks;cat5=Dessert;categoryCount=19;country=;get_recipes=Get%20Recipes;get_recipes=Get%20Recipes;content=recipes.html
recipeName=;select=any;cat11=Poultry;cat7=Breakfast%20%26%20Brunch;cat2=Appetizer;cat17=Pasta;cat1=Salad;cat18=Kids;cat16=Dip;cat13=Vegetables;cat6=Fish%20%26%20Seafood;cat3=Bread;cat9=Pie;cat12=Pork;cat14=Cookies;cat15=Sauce;cat8=Soup;cat4=Cake;cat10=Beef;cat19=Drinks;cat5=Dessert;categoryCount=19;country=;get_recipes=Get%20Recipes;get_recipes=Get%20Recipes;content=recipes.html
recipeName=;select=any;cat11=Poultry;cat7=Breakfast%20%26%20Brunch;cat2=Appetizer;cat17=Pasta;cat1=Salad;cat18=Kids;cat16=Dip;cat13=Vegetables;cat6=Fish%20%26%20Seafood;cat3=Bread;cat9=Pie;cat12=Pork;cat14=Cookies;cat15=Sauce;cat8=Soup;cat4=Cake;cat10=Beef;cat19=Drinks;cat5=Dessert;categoryCount=19;country=;get_recipes=Get%20Recipes;get_recipes=Get%20Recipes;content=recipes.html
recipeName=;select=any;cat11=Poultry;cat7=Breakfast%20%26%20Brunch;cat2=Appetizer;cat17=Pasta;cat1=Salad;cat18=Kids;cat16=Dip;cat13=Vegetables;cat6=Fish%20%26%20Seafood;cat3=Bread;cat9=Pie;cat12=Pork;cat14=Cookies;cat15=Sauce;cat8=Soup;cat4=Cake;cat10=Beef;cat19=Drinks;cat5=Dessert;categoryCount=19;country=;get_recipes=Get%20Recipes;get_recipes=Get%20Recipes;content=recipes.html
recipeName=;select=any;ings=COCOA;categoryCount=19;country=;get_recipes=Get%20Recipes;get_recipes=Get%20Recipes;content=recipes.html
